<?xml version="1.0" encoding="UTF-8"?>
<!-- Generated by org.testng.reporters.JUnitReportReporter -->
<testsuite skipped="0" hostname="Dell-Inspiron-5570" name="e2e.AppiumFramework.ApiDemoTest" tests="1" failures="0" timestamp="2020-03-18T20:49:41 CET" time="25.264" errors="0">
  <testcase name="apiDemoTest" time="25.264" classname="e2e.AppiumFramework.ApiDemoTest"/>
  <system-out/>
</testsuite> <!-- e2e.AppiumFramework.ApiDemoTest -->
