<?xml version="1.0" encoding="UTF-8"?>
<!-- Generated by org.testng.reporters.JUnitReportReporter -->
<testsuite skipped="0" hostname="Dell-Inspiron-5570" name="e2e.AppiumFramework.ApiDemoTest" tests="2" failures="0" timestamp="2020-03-21T15:48:00 CET" time="59.762" errors="0">
  <testcase name="apiDemoTest" time="25.752" classname="e2e.AppiumFramework.ApiDemoTest"/>
  <system-out/>
  <testcase name="apiDemoTest" time="34.010" classname="e2e.AppiumFramework.ApiDemoTest"/>
  <system-out/>
</testsuite> <!-- e2e.AppiumFramework.ApiDemoTest -->
